[0.522s] Invoking command in '/media/orka/storage/robotics/ros2_ws/build/vla_mujoco_bridge': PS1=(venv) PYTHONPATH=/media/orka/storage/robotics/ros2_ws/build/vla_mujoco_bridge/prefix_override:/usr/lib/python3/dist-packages/colcon_core/task/python/colcon_distutils_commands:/media/orka/storage/robotics/ros2_ws/install/vla_mujoco_bridge/lib/python3.10/site-packages:${PYTHONPATH} VIRTUAL_ENV_PROMPT=(venv) /usr/bin/python3 -W ignore:setup.py install is deprecated -W ignore:easy_install command is deprecated setup.py develop --editable --build-directory /media/orka/storage/robotics/ros2_ws/build/vla_mujoco_bridge/build --no-deps symlink_data
[0.736s] running develop
[0.892s] running egg_info
[0.892s] creating vla_mujoco_bridge.egg-info
[0.892s] writing vla_mujoco_bridge.egg-info/PKG-INFO
[0.892s] writing dependency_links to vla_mujoco_bridge.egg-info/dependency_links.txt
[0.892s] writing entry points to vla_mujoco_bridge.egg-info/entry_points.txt
[0.892s] writing requirements to vla_mujoco_bridge.egg-info/requires.txt
[0.893s] writing top-level names to vla_mujoco_bridge.egg-info/top_level.txt
[0.893s] writing manifest file 'vla_mujoco_bridge.egg-info/SOURCES.txt'
[0.894s] reading manifest file 'vla_mujoco_bridge.egg-info/SOURCES.txt'
[0.894s] writing manifest file 'vla_mujoco_bridge.egg-info/SOURCES.txt'
[0.895s] running build_ext
[0.895s] Creating /media/orka/storage/robotics/ros2_ws/install/vla_mujoco_bridge/lib/python3.10/site-packages/vla-mujoco-bridge.egg-link (link to .)
[0.896s] Installing bridge_node script to /media/orka/storage/robotics/ros2_ws/install/vla_mujoco_bridge/lib/vla_mujoco_bridge
[0.896s] Installing teleop_node script to /media/orka/storage/robotics/ros2_ws/install/vla_mujoco_bridge/lib/vla_mujoco_bridge
[0.896s] 
[0.896s] Installed /media/orka/storage/robotics/ros2_ws/build/vla_mujoco_bridge
[0.896s] running symlink_data
[0.896s] creating /media/orka/storage/robotics/ros2_ws/install/vla_mujoco_bridge/share/ament_index
[0.897s] creating /media/orka/storage/robotics/ros2_ws/install/vla_mujoco_bridge/share/ament_index/resource_index
[0.897s] creating /media/orka/storage/robotics/ros2_ws/install/vla_mujoco_bridge/share/ament_index/resource_index/packages
[0.897s] symbolically linking /media/orka/storage/robotics/ros2_ws/build/vla_mujoco_bridge/resource/vla_mujoco_bridge -> /media/orka/storage/robotics/ros2_ws/install/vla_mujoco_bridge/share/ament_index/resource_index/packages
[0.897s] symbolically linking /media/orka/storage/robotics/ros2_ws/build/vla_mujoco_bridge/package.xml -> /media/orka/storage/robotics/ros2_ws/install/vla_mujoco_bridge/share/vla_mujoco_bridge
[0.915s] Invoked command in '/media/orka/storage/robotics/ros2_ws/build/vla_mujoco_bridge' returned '0': PS1=(venv) PYTHONPATH=/media/orka/storage/robotics/ros2_ws/build/vla_mujoco_bridge/prefix_override:/usr/lib/python3/dist-packages/colcon_core/task/python/colcon_distutils_commands:/media/orka/storage/robotics/ros2_ws/install/vla_mujoco_bridge/lib/python3.10/site-packages:${PYTHONPATH} VIRTUAL_ENV_PROMPT=(venv) /usr/bin/python3 -W ignore:setup.py install is deprecated -W ignore:easy_install command is deprecated setup.py develop --editable --build-directory /media/orka/storage/robotics/ros2_ws/build/vla_mujoco_bridge/build --no-deps symlink_data
