[0.000000] (-) TimerEvent: {}
[0.000208] (vla_mujoco_bridge) JobQueued: {'identifier': 'vla_mujoco_bridge', 'dependencies': OrderedDict()}
[0.000397] (vla_mujoco_bridge) JobStarted: {'identifier': 'vla_mujoco_bridge'}
[0.099766] (-) TimerEvent: {}
[0.199947] (-) TimerEvent: {}
[0.300152] (-) TimerEvent: {}
[0.400357] (-) TimerEvent: {}
[0.500564] (-) TimerEvent: {}
[0.520925] (vla_mujoco_bridge) Command: {'cmd': ['/usr/bin/python3', '-W', 'ignore:setup.py install is deprecated', '-W', 'ignore:easy_install command is deprecated', 'setup.py', 'develop', '--editable', '--build-directory', '/media/orka/storage/robotics/ros2_ws/build/vla_mujoco_bridge/build', '--no-deps', 'symlink_data'], 'cwd': '/media/orka/storage/robotics/ros2_ws/build/vla_mujoco_bridge', 'env': {'SHLVL': '1', 'LD_LIBRARY_PATH': '/opt/ros/humble/opt/rviz_ogre_vendor/lib:/opt/ros/humble/lib/x86_64-linux-gnu:/opt/ros/humble/lib', 'HOME': '/home/orka', 'OLDPWD': '/media/orka/storage/robotics/repos', 'ROS_PYTHON_VERSION': '3', 'PS1': '(venv)', 'LC_CTYPE': 'C.UTF-8', 'ROS_DISTRO': 'humble', '_': '/usr/bin/colcon', 'ROS_VERSION': '2', 'ROS_LOCALHOST_ONLY': '0', 'PATH': '/media/orka/storage/robotics/venv/bin:/opt/ros/humble/bin:/usr/local/sbin:/usr/local/bin:/usr/sbin:/usr/bin:/sbin:/bin', 'VIRTUAL_ENV_PROMPT': '(venv)', 'AMENT_PREFIX_PATH': '/opt/ros/humble', 'VIRTUAL_ENV': '/media/orka/storage/robotics/venv', 'PWD': '/media/orka/storage/robotics/ros2_ws/build/vla_mujoco_bridge', 'PYTHONPATH': '/media/orka/storage/robotics/ros2_ws/build/vla_mujoco_bridge/prefix_override:/usr/lib/python3/dist-packages/colcon_core/task/python/colcon_distutils_commands:/media/orka/storage/robotics/ros2_ws/install/vla_mujoco_bridge/lib/python3.10/site-packages:/opt/ros/humble/lib/python3.10/site-packages:/opt/ros/humble/local/lib/python3.10/dist-packages', 'COLCON': '1'}, 'shell': False}
[0.600631] (-) TimerEvent: {}
[0.700753] (-) TimerEvent: {}
[0.736593] (vla_mujoco_bridge) StdoutLine: {'line': b'running develop\n'}
[0.800863] (-) TimerEvent: {}
[0.892031] (vla_mujoco_bridge) StdoutLine: {'line': b'running egg_info\n'}
[0.892327] (vla_mujoco_bridge) StdoutLine: {'line': b'creating vla_mujoco_bridge.egg-info\n'}
[0.892432] (vla_mujoco_bridge) StdoutLine: {'line': b'writing vla_mujoco_bridge.egg-info/PKG-INFO\n'}
[0.892621] (vla_mujoco_bridge) StdoutLine: {'line': b'writing dependency_links to vla_mujoco_bridge.egg-info/dependency_links.txt\n'}
[0.892716] (vla_mujoco_bridge) StdoutLine: {'line': b'writing entry points to vla_mujoco_bridge.egg-info/entry_points.txt\n'}
[0.892804] (vla_mujoco_bridge) StdoutLine: {'line': b'writing requirements to vla_mujoco_bridge.egg-info/requires.txt\n'}
[0.892891] (vla_mujoco_bridge) StdoutLine: {'line': b'writing top-level names to vla_mujoco_bridge.egg-info/top_level.txt\n'}
[0.893066] (vla_mujoco_bridge) StdoutLine: {'line': b"writing manifest file 'vla_mujoco_bridge.egg-info/SOURCES.txt'\n"}
[0.893902] (vla_mujoco_bridge) StdoutLine: {'line': b"reading manifest file 'vla_mujoco_bridge.egg-info/SOURCES.txt'\n"}
[0.894335] (vla_mujoco_bridge) StdoutLine: {'line': b"writing manifest file 'vla_mujoco_bridge.egg-info/SOURCES.txt'\n"}
[0.895344] (vla_mujoco_bridge) StdoutLine: {'line': b'running build_ext\n'}
[0.895524] (vla_mujoco_bridge) StdoutLine: {'line': b'Creating /media/orka/storage/robotics/ros2_ws/install/vla_mujoco_bridge/lib/python3.10/site-packages/vla-mujoco-bridge.egg-link (link to .)\n'}
[0.895972] (vla_mujoco_bridge) StdoutLine: {'line': b'Installing bridge_node script to /media/orka/storage/robotics/ros2_ws/install/vla_mujoco_bridge/lib/vla_mujoco_bridge\n'}
[0.896156] (vla_mujoco_bridge) StdoutLine: {'line': b'Installing teleop_node script to /media/orka/storage/robotics/ros2_ws/install/vla_mujoco_bridge/lib/vla_mujoco_bridge\n'}
[0.896591] (vla_mujoco_bridge) StdoutLine: {'line': b'\n'}
[0.896673] (vla_mujoco_bridge) StdoutLine: {'line': b'Installed /media/orka/storage/robotics/ros2_ws/build/vla_mujoco_bridge\n'}
[0.896753] (vla_mujoco_bridge) StdoutLine: {'line': b'running symlink_data\n'}
[0.896833] (vla_mujoco_bridge) StdoutLine: {'line': b'creating /media/orka/storage/robotics/ros2_ws/install/vla_mujoco_bridge/share/ament_index\n'}
[0.896932] (vla_mujoco_bridge) StdoutLine: {'line': b'creating /media/orka/storage/robotics/ros2_ws/install/vla_mujoco_bridge/share/ament_index/resource_index\n'}
[0.897013] (vla_mujoco_bridge) StdoutLine: {'line': b'creating /media/orka/storage/robotics/ros2_ws/install/vla_mujoco_bridge/share/ament_index/resource_index/packages\n'}
[0.897107] (vla_mujoco_bridge) StdoutLine: {'line': b'symbolically linking /media/orka/storage/robotics/ros2_ws/build/vla_mujoco_bridge/resource/vla_mujoco_bridge -> /media/orka/storage/robotics/ros2_ws/install/vla_mujoco_bridge/share/ament_index/resource_index/packages\n'}
[0.897196] (vla_mujoco_bridge) StdoutLine: {'line': b'symbolically linking /media/orka/storage/robotics/ros2_ws/build/vla_mujoco_bridge/package.xml -> /media/orka/storage/robotics/ros2_ws/install/vla_mujoco_bridge/share/vla_mujoco_bridge\n'}
[0.900922] (-) TimerEvent: {}
[0.914762] (vla_mujoco_bridge) CommandEnded: {'returncode': 0}
[0.930217] (vla_mujoco_bridge) JobEnded: {'identifier': 'vla_mujoco_bridge', 'rc': 0}
[0.930836] (-) EventReactorShutdown: {}
