[0.084s] DEBUG:colcon:Command line arguments: ['/usr/bin/colcon', 'build', '--packages-select', 'vla_mujoco_bridge', '--symlink-install']
[0.084s] DEBUG:colcon:Parsed command line arguments: Namespace(log_base=None, log_level=None, verb_name='build', build_base='build', install_base='install', merge_install=False, symlink_install=True, test_result_base=None, continue_on_error=False, executor='parallel', parallel_workers=24, event_handlers=None, ignore_user_meta=False, metas=['./colcon.meta'], base_paths=['.'], packages_ignore=None, packages_ignore_regex=None, paths=None, packages_up_to=None, packages_up_to_regex=None, packages_above=None, packages_above_and_dependencies=None, packages_above_depth=None, packages_select_by_dep=None, packages_skip_by_dep=None, packages_skip_up_to=None, packages_select_build_failed=False, packages_skip_build_finished=False, packages_select_test_failures=False, packages_skip_test_passed=False, packages_select=['vla_mujoco_bridge'], packages_skip=None, packages_select_regex=None, packages_skip_regex=None, packages_start=None, packages_end=None, allow_overriding=[], cmake_args=None, cmake_target=None, cmake_target_skip_unavailable=False, cmake_clean_cache=False, cmake_clean_first=False, cmake_force_configure=False, ament_cmake_args=None, catkin_cmake_args=None, catkin_skip_building_tests=False, verb_parser=<colcon_defaults.argument_parser.defaults.DefaultArgumentsDecorator object at 0x7765760701f0>, verb_extension=<colcon_core.verb.build.BuildVerb object at 0x77657616dcf0>, main=<bound method BuildVerb.main of <colcon_core.verb.build.BuildVerb object at 0x77657616dcf0>>)
[0.228s] Level 1:colcon.colcon_core.package_discovery:discover_packages(colcon_meta) check parameters
[0.228s] Level 1:colcon.colcon_core.package_discovery:discover_packages(recursive) check parameters
[0.228s] Level 1:colcon.colcon_core.package_discovery:discover_packages(ignore) check parameters
[0.228s] Level 1:colcon.colcon_core.package_discovery:discover_packages(path) check parameters
[0.228s] Level 1:colcon.colcon_core.package_discovery:discover_packages(colcon_meta) discover
[0.228s] Level 1:colcon.colcon_core.package_discovery:discover_packages(recursive) discover
[0.228s] INFO:colcon.colcon_core.package_discovery:Crawling recursively for packages in '/media/orka/storage/robotics/ros2_ws'
[0.228s] Level 1:colcon.colcon_core.package_identification:_identify(.) by extensions ['ignore', 'ignore_ament_install']
[0.228s] Level 1:colcon.colcon_core.package_identification:_identify(.) by extension 'ignore'
[0.228s] Level 1:colcon.colcon_core.package_identification:_identify(.) by extension 'ignore_ament_install'
[0.228s] Level 1:colcon.colcon_core.package_identification:_identify(.) by extensions ['colcon_pkg']
[0.229s] Level 1:colcon.colcon_core.package_identification:_identify(.) by extension 'colcon_pkg'
[0.229s] Level 1:colcon.colcon_core.package_identification:_identify(.) by extensions ['colcon_meta']
[0.229s] Level 1:colcon.colcon_core.package_identification:_identify(.) by extension 'colcon_meta'
[0.229s] Level 1:colcon.colcon_core.package_identification:_identify(.) by extensions ['ros']
[0.229s] Level 1:colcon.colcon_core.package_identification:_identify(.) by extension 'ros'
[0.236s] Level 1:colcon.colcon_core.package_identification:_identify(.) by extensions ['cmake', 'python']
[0.236s] Level 1:colcon.colcon_core.package_identification:_identify(.) by extension 'cmake'
[0.236s] Level 1:colcon.colcon_core.package_identification:_identify(.) by extension 'python'
[0.236s] Level 1:colcon.colcon_core.package_identification:_identify(.) by extensions ['python_setup_py']
[0.236s] Level 1:colcon.colcon_core.package_identification:_identify(.) by extension 'python_setup_py'
[0.236s] Level 1:colcon.colcon_core.package_identification:_identify(build) by extensions ['ignore', 'ignore_ament_install']
[0.236s] Level 1:colcon.colcon_core.package_identification:_identify(build) by extension 'ignore'
[0.236s] Level 1:colcon.colcon_core.package_identification:_identify(build) ignored
[0.237s] Level 1:colcon.colcon_core.package_identification:_identify(install) by extensions ['ignore', 'ignore_ament_install']
[0.237s] Level 1:colcon.colcon_core.package_identification:_identify(install) by extension 'ignore'
[0.237s] Level 1:colcon.colcon_core.package_identification:_identify(install) ignored
[0.237s] Level 1:colcon.colcon_core.package_identification:_identify(log) by extensions ['ignore', 'ignore_ament_install']
[0.237s] Level 1:colcon.colcon_core.package_identification:_identify(log) by extension 'ignore'
[0.237s] Level 1:colcon.colcon_core.package_identification:_identify(log) ignored
[0.237s] Level 1:colcon.colcon_core.package_identification:_identify(src) by extensions ['ignore', 'ignore_ament_install']
[0.237s] Level 1:colcon.colcon_core.package_identification:_identify(src) by extension 'ignore'
[0.237s] Level 1:colcon.colcon_core.package_identification:_identify(src) by extension 'ignore_ament_install'
[0.237s] Level 1:colcon.colcon_core.package_identification:_identify(src) by extensions ['colcon_pkg']
[0.237s] Level 1:colcon.colcon_core.package_identification:_identify(src) by extension 'colcon_pkg'
[0.237s] Level 1:colcon.colcon_core.package_identification:_identify(src) by extensions ['colcon_meta']
[0.237s] Level 1:colcon.colcon_core.package_identification:_identify(src) by extension 'colcon_meta'
[0.237s] Level 1:colcon.colcon_core.package_identification:_identify(src) by extensions ['ros']
[0.237s] Level 1:colcon.colcon_core.package_identification:_identify(src) by extension 'ros'
[0.237s] Level 1:colcon.colcon_core.package_identification:_identify(src) by extensions ['cmake', 'python']
[0.237s] Level 1:colcon.colcon_core.package_identification:_identify(src) by extension 'cmake'
[0.237s] Level 1:colcon.colcon_core.package_identification:_identify(src) by extension 'python'
[0.237s] Level 1:colcon.colcon_core.package_identification:_identify(src) by extensions ['python_setup_py']
[0.237s] Level 1:colcon.colcon_core.package_identification:_identify(src) by extension 'python_setup_py'
[0.237s] Level 1:colcon.colcon_core.package_identification:_identify(src/vla_mujoco_bridge) by extensions ['ignore', 'ignore_ament_install']
[0.237s] Level 1:colcon.colcon_core.package_identification:_identify(src/vla_mujoco_bridge) by extension 'ignore'
[0.238s] Level 1:colcon.colcon_core.package_identification:_identify(src/vla_mujoco_bridge) by extension 'ignore_ament_install'
[0.238s] Level 1:colcon.colcon_core.package_identification:_identify(src/vla_mujoco_bridge) by extensions ['colcon_pkg']
[0.238s] Level 1:colcon.colcon_core.package_identification:_identify(src/vla_mujoco_bridge) by extension 'colcon_pkg'
[0.238s] Level 1:colcon.colcon_core.package_identification:_identify(src/vla_mujoco_bridge) by extensions ['colcon_meta']
[0.238s] Level 1:colcon.colcon_core.package_identification:_identify(src/vla_mujoco_bridge) by extension 'colcon_meta'
[0.238s] Level 1:colcon.colcon_core.package_identification:_identify(src/vla_mujoco_bridge) by extensions ['ros']
[0.238s] Level 1:colcon.colcon_core.package_identification:_identify(src/vla_mujoco_bridge) by extension 'ros'
[0.240s] DEBUG:colcon.colcon_core.package_identification:Package 'src/vla_mujoco_bridge' with type 'ros.ament_python' and name 'vla_mujoco_bridge'
[0.240s] Level 1:colcon.colcon_core.package_discovery:discover_packages(recursive) using defaults
[0.240s] Level 1:colcon.colcon_core.package_discovery:discover_packages(ignore) discover
[0.240s] Level 1:colcon.colcon_core.package_discovery:discover_packages(ignore) using defaults
[0.240s] Level 1:colcon.colcon_core.package_discovery:discover_packages(path) discover
[0.240s] Level 1:colcon.colcon_core.package_discovery:discover_packages(path) using defaults
[0.261s] Level 1:colcon.colcon_core.package_discovery:discover_packages(prefix_path) check parameters
[0.261s] Level 1:colcon.colcon_core.package_discovery:discover_packages(prefix_path) discover
[0.263s] DEBUG:colcon.colcon_installed_package_information.package_discovery:Found 272 installed packages in /opt/ros/humble
[0.264s] Level 1:colcon.colcon_core.package_discovery:discover_packages(prefix_path) using defaults
[0.291s] Level 5:colcon.colcon_core.verb:set package 'vla_mujoco_bridge' build argument 'cmake_args' from command line to 'None'
[0.291s] Level 5:colcon.colcon_core.verb:set package 'vla_mujoco_bridge' build argument 'cmake_target' from command line to 'None'
[0.291s] Level 5:colcon.colcon_core.verb:set package 'vla_mujoco_bridge' build argument 'cmake_target_skip_unavailable' from command line to 'False'
[0.291s] Level 5:colcon.colcon_core.verb:set package 'vla_mujoco_bridge' build argument 'cmake_clean_cache' from command line to 'False'
[0.291s] Level 5:colcon.colcon_core.verb:set package 'vla_mujoco_bridge' build argument 'cmake_clean_first' from command line to 'False'
[0.291s] Level 5:colcon.colcon_core.verb:set package 'vla_mujoco_bridge' build argument 'cmake_force_configure' from command line to 'False'
[0.291s] Level 5:colcon.colcon_core.verb:set package 'vla_mujoco_bridge' build argument 'ament_cmake_args' from command line to 'None'
[0.291s] Level 5:colcon.colcon_core.verb:set package 'vla_mujoco_bridge' build argument 'catkin_cmake_args' from command line to 'None'
[0.291s] Level 5:colcon.colcon_core.verb:set package 'vla_mujoco_bridge' build argument 'catkin_skip_building_tests' from command line to 'False'
[0.291s] DEBUG:colcon.colcon_core.verb:Building package 'vla_mujoco_bridge' with the following arguments: {'ament_cmake_args': None, 'build_base': '/media/orka/storage/robotics/ros2_ws/build/vla_mujoco_bridge', 'catkin_cmake_args': None, 'catkin_skip_building_tests': False, 'cmake_args': None, 'cmake_clean_cache': False, 'cmake_clean_first': False, 'cmake_force_configure': False, 'cmake_target': None, 'cmake_target_skip_unavailable': False, 'install_base': '/media/orka/storage/robotics/ros2_ws/install/vla_mujoco_bridge', 'merge_install': False, 'path': '/media/orka/storage/robotics/ros2_ws/src/vla_mujoco_bridge', 'symlink_install': True, 'test_result_base': None}
[0.291s] INFO:colcon.colcon_core.executor:Executing jobs using 'parallel' executor
[0.292s] DEBUG:colcon.colcon_parallel_executor.executor.parallel:run_until_complete
[0.292s] INFO:colcon.colcon_ros.task.ament_python.build:Building ROS package in '/media/orka/storage/robotics/ros2_ws/src/vla_mujoco_bridge' with build type 'ament_python'
[0.292s] Level 1:colcon.colcon_core.shell:create_environment_hook('vla_mujoco_bridge', 'ament_prefix_path')
[0.293s] INFO:colcon.colcon_core.plugin_system:Skipping extension 'colcon_core.shell.bat': Not used on non-Windows systems
[0.294s] INFO:colcon.colcon_core.shell:Creating environment hook '/media/orka/storage/robotics/ros2_ws/install/vla_mujoco_bridge/share/vla_mujoco_bridge/hook/ament_prefix_path.ps1'
[0.294s] INFO:colcon.colcon_core.shell:Creating environment descriptor '/media/orka/storage/robotics/ros2_ws/install/vla_mujoco_bridge/share/vla_mujoco_bridge/hook/ament_prefix_path.dsv'
[0.294s] INFO:colcon.colcon_core.shell:Creating environment hook '/media/orka/storage/robotics/ros2_ws/install/vla_mujoco_bridge/share/vla_mujoco_bridge/hook/ament_prefix_path.sh'
[0.295s] INFO:colcon.colcon_core.shell:Skip shell extension 'powershell' for command environment: Not usable outside of PowerShell
[0.295s] DEBUG:colcon.colcon_core.shell:Skip shell extension 'dsv' for command environment
[0.519s] INFO:colcon.colcon_core.task.python.build:Building Python package in '/media/orka/storage/robotics/ros2_ws/src/vla_mujoco_bridge'
[0.519s] INFO:colcon.colcon_core.shell:Skip shell extension 'powershell' for command environment: Not usable outside of PowerShell
[0.519s] DEBUG:colcon.colcon_core.shell:Skip shell extension 'dsv' for command environment
[0.814s] DEBUG:colcon.colcon_core.event_handler.log_command:Invoking command in '/media/orka/storage/robotics/ros2_ws/build/vla_mujoco_bridge': PS1=(venv) PYTHONPATH=/media/orka/storage/robotics/ros2_ws/build/vla_mujoco_bridge/prefix_override:/usr/lib/python3/dist-packages/colcon_core/task/python/colcon_distutils_commands:/media/orka/storage/robotics/ros2_ws/install/vla_mujoco_bridge/lib/python3.10/site-packages:${PYTHONPATH} VIRTUAL_ENV_PROMPT=(venv) /usr/bin/python3 -W ignore:setup.py install is deprecated -W ignore:easy_install command is deprecated setup.py develop --editable --build-directory /media/orka/storage/robotics/ros2_ws/build/vla_mujoco_bridge/build --no-deps symlink_data
[1.206s] Level 1:colcon.colcon_core.shell:create_environment_hook('vla_mujoco_bridge', 'pythonpath_develop')
[1.207s] INFO:colcon.colcon_core.shell:Creating environment hook '/media/orka/storage/robotics/ros2_ws/build/vla_mujoco_bridge/share/vla_mujoco_bridge/hook/pythonpath_develop.ps1'
[1.207s] DEBUG:colcon.colcon_core.event_handler.log_command:Invoked command in '/media/orka/storage/robotics/ros2_ws/build/vla_mujoco_bridge' returned '0': PS1=(venv) PYTHONPATH=/media/orka/storage/robotics/ros2_ws/build/vla_mujoco_bridge/prefix_override:/usr/lib/python3/dist-packages/colcon_core/task/python/colcon_distutils_commands:/media/orka/storage/robotics/ros2_ws/install/vla_mujoco_bridge/lib/python3.10/site-packages:${PYTHONPATH} VIRTUAL_ENV_PROMPT=(venv) /usr/bin/python3 -W ignore:setup.py install is deprecated -W ignore:easy_install command is deprecated setup.py develop --editable --build-directory /media/orka/storage/robotics/ros2_ws/build/vla_mujoco_bridge/build --no-deps symlink_data
[1.208s] INFO:colcon.colcon_core.shell:Creating environment descriptor '/media/orka/storage/robotics/ros2_ws/build/vla_mujoco_bridge/share/vla_mujoco_bridge/hook/pythonpath_develop.dsv'
[1.208s] INFO:colcon.colcon_core.shell:Creating environment hook '/media/orka/storage/robotics/ros2_ws/build/vla_mujoco_bridge/share/vla_mujoco_bridge/hook/pythonpath_develop.sh'
[1.212s] Level 1:colcon.colcon_core.environment:checking '/media/orka/storage/robotics/ros2_ws/install/vla_mujoco_bridge' for CMake module files
[1.213s] Level 1:colcon.colcon_core.environment:checking '/media/orka/storage/robotics/ros2_ws/install/vla_mujoco_bridge' for CMake config files
[1.213s] Level 1:colcon.colcon_core.environment:checking '/media/orka/storage/robotics/ros2_ws/install/vla_mujoco_bridge/lib'
[1.214s] Level 1:colcon.colcon_core.environment:checking '/media/orka/storage/robotics/ros2_ws/install/vla_mujoco_bridge/bin'
[1.214s] Level 1:colcon.colcon_core.environment:checking '/media/orka/storage/robotics/ros2_ws/install/vla_mujoco_bridge/lib/pkgconfig/vla_mujoco_bridge.pc'
[1.214s] Level 1:colcon.colcon_core.environment:checking '/media/orka/storage/robotics/ros2_ws/install/vla_mujoco_bridge/lib/python3.10/site-packages'
[1.214s] Level 1:colcon.colcon_core.shell:create_environment_hook('vla_mujoco_bridge', 'pythonpath')
[1.214s] INFO:colcon.colcon_core.shell:Creating environment hook '/media/orka/storage/robotics/ros2_ws/install/vla_mujoco_bridge/share/vla_mujoco_bridge/hook/pythonpath.ps1'
[1.215s] INFO:colcon.colcon_core.shell:Creating environment descriptor '/media/orka/storage/robotics/ros2_ws/install/vla_mujoco_bridge/share/vla_mujoco_bridge/hook/pythonpath.dsv'
[1.215s] INFO:colcon.colcon_core.shell:Creating environment hook '/media/orka/storage/robotics/ros2_ws/install/vla_mujoco_bridge/share/vla_mujoco_bridge/hook/pythonpath.sh'
[1.216s] Level 1:colcon.colcon_core.environment:checking '/media/orka/storage/robotics/ros2_ws/install/vla_mujoco_bridge/bin'
[1.216s] Level 1:colcon.colcon_core.environment:create_environment_scripts_only(vla_mujoco_bridge)
[1.217s] INFO:colcon.colcon_core.shell:Creating package script '/media/orka/storage/robotics/ros2_ws/install/vla_mujoco_bridge/share/vla_mujoco_bridge/package.ps1'
[1.218s] INFO:colcon.colcon_core.shell:Creating package descriptor '/media/orka/storage/robotics/ros2_ws/install/vla_mujoco_bridge/share/vla_mujoco_bridge/package.dsv'
[1.219s] INFO:colcon.colcon_core.shell:Creating package script '/media/orka/storage/robotics/ros2_ws/install/vla_mujoco_bridge/share/vla_mujoco_bridge/package.sh'
[1.220s] INFO:colcon.colcon_core.shell:Creating package script '/media/orka/storage/robotics/ros2_ws/install/vla_mujoco_bridge/share/vla_mujoco_bridge/package.bash'
[1.221s] INFO:colcon.colcon_core.shell:Creating package script '/media/orka/storage/robotics/ros2_ws/install/vla_mujoco_bridge/share/vla_mujoco_bridge/package.zsh'
[1.221s] Level 1:colcon.colcon_core.environment:create_file_with_runtime_dependencies(/media/orka/storage/robotics/ros2_ws/install/vla_mujoco_bridge/share/colcon-core/packages/vla_mujoco_bridge)
[1.222s] DEBUG:colcon.colcon_parallel_executor.executor.parallel:closing loop
[1.222s] DEBUG:colcon.colcon_parallel_executor.executor.parallel:loop closed
[1.222s] DEBUG:colcon.colcon_parallel_executor.executor.parallel:run_until_complete finished with '0'
[1.222s] DEBUG:colcon.colcon_core.event_reactor:joining thread
[1.229s] INFO:colcon.colcon_core.plugin_system:Skipping extension 'colcon_notification.desktop_notification.terminal_notifier': Not used on non-Darwin systems
[1.229s] INFO:colcon.colcon_core.plugin_system:Skipping extension 'colcon_notification.desktop_notification.win32': Not used on non-Windows systems
[1.229s] INFO:colcon.colcon_notification.desktop_notification:Sending desktop notification using 'notify2'
[1.229s] DEBUG:colcon.colcon_notification.desktop_notification.notify2:Failed to initialize notify2: org.freedesktop.DBus.Error.NotSupported: Unable to autolaunch a dbus-daemon without a $DISPLAY for X11
[1.230s] DEBUG:colcon.colcon_core.event_reactor:joined thread
[1.230s] INFO:colcon.colcon_core.shell:Creating prefix script '/media/orka/storage/robotics/ros2_ws/install/local_setup.ps1'
[1.231s] INFO:colcon.colcon_core.shell:Creating prefix util module '/media/orka/storage/robotics/ros2_ws/install/_local_setup_util_ps1.py'
[1.233s] INFO:colcon.colcon_core.shell:Creating prefix chain script '/media/orka/storage/robotics/ros2_ws/install/setup.ps1'
[1.234s] INFO:colcon.colcon_core.shell:Creating prefix script '/media/orka/storage/robotics/ros2_ws/install/local_setup.sh'
[1.235s] INFO:colcon.colcon_core.shell:Creating prefix util module '/media/orka/storage/robotics/ros2_ws/install/_local_setup_util_sh.py'
[1.235s] INFO:colcon.colcon_core.shell:Creating prefix chain script '/media/orka/storage/robotics/ros2_ws/install/setup.sh'
[1.236s] INFO:colcon.colcon_core.shell:Creating prefix script '/media/orka/storage/robotics/ros2_ws/install/local_setup.bash'
[1.237s] INFO:colcon.colcon_core.shell:Creating prefix chain script '/media/orka/storage/robotics/ros2_ws/install/setup.bash'
[1.238s] INFO:colcon.colcon_core.shell:Creating prefix script '/media/orka/storage/robotics/ros2_ws/install/local_setup.zsh'
[1.239s] INFO:colcon.colcon_core.shell:Creating prefix chain script '/media/orka/storage/robotics/ros2_ws/install/setup.zsh'
